2004.11.15 15:11 B D:\hanwha\board\images\pds\bmp.gif --> www.allstudy.net /AdminPage/board/images/pds bmp.gif
2004.11.15 15:11 B D:\hanwha\board\images\pds\com.gif --> www.allstudy.net /AdminPage/board/images/pds com.gif
2004.11.15 15:11 B D:\hanwha\board\images\pds\compressed.gif --> www.allstudy.net /AdminPage/board/images/pds compressed.gif
2004.11.15 15:11 B D:\hanwha\board\images\pds\doc.gif --> www.allstudy.net /AdminPage/board/images/pds doc.gif
2004.11.15 15:11 B D:\hanwha\board\images\pds\etc.gif --> www.allstudy.net /AdminPage/board/images/pds etc.gif
2004.11.15 15:11 B D:\hanwha\board\images\pds\exe.gif --> www.allstudy.net /AdminPage/board/images/pds exe.gif
2004.11.15 15:11 B D:\hanwha\board\images\pds\gif.gif --> www.allstudy.net /AdminPage/board/images/pds gif.gif
2004.11.15 15:11 B D:\hanwha\board\images\pds\htm.gif --> www.allstudy.net /AdminPage/board/images/pds htm.gif
2004.11.15 15:11 B D:\hanwha\board\images\pds\html.gif --> www.allstudy.net /AdminPage/board/images/pds html.gif
2004.11.15 15:11 B D:\hanwha\board\images\pds\hwp.gif --> www.allstudy.net /AdminPage/board/images/pds hwp.gif
2004.11.15 15:11 B D:\hanwha\board\images\pds\image.gif --> www.allstudy.net /AdminPage/board/images/pds image.gif
2004.11.15 15:11 B D:\hanwha\board\images\pds\jpg.gif --> www.allstudy.net /AdminPage/board/images/pds jpg.gif
2004.11.15 15:11 B D:\hanwha\board\images\pds\mp3.gif --> www.allstudy.net /AdminPage/board/images/pds mp3.gif
2004.11.15 15:11 B D:\hanwha\board\images\pds\mpg.gif --> www.allstudy.net /AdminPage/board/images/pds mpg.gif
2004.11.15 15:11 B D:\hanwha\board\images\pds\pdf.gif --> www.allstudy.net /AdminPage/board/images/pds pdf.gif
2004.11.15 15:11 B D:\hanwha\board\images\pds\ppt.gif --> www.allstudy.net /AdminPage/board/images/pds ppt.gif
2004.11.15 15:11 B D:\hanwha\board\images\pds\ra.gif --> www.allstudy.net /AdminPage/board/images/pds ra.gif
2004.11.15 15:11 B D:\hanwha\board\images\pds\rar.gif --> www.allstudy.net /AdminPage/board/images/pds rar.gif
2004.11.15 15:12 B D:\hanwha\board\images\pds\Thumbs.db --> www.allstudy.net /AdminPage/board/images/pds Thumbs.db
2004.11.15 15:12 B D:\hanwha\board\images\pds\txt.gif --> www.allstudy.net /AdminPage/board/images/pds txt.gif
2004.11.15 15:12 B D:\hanwha\board\images\pds\wav.gif --> www.allstudy.net /AdminPage/board/images/pds wav.gif
2004.11.15 15:12 B D:\hanwha\board\images\pds\xls.gif --> www.allstudy.net /AdminPage/board/images/pds xls.gif
2004.11.15 15:12 B D:\hanwha\board\images\pds\zip.gif --> www.allstudy.net /AdminPage/board/images/pds zip.gif
